2022-06-30 11:53:11,249 INFO org.springframework.boot.StartupInfoLogger [restartedMain] Starting Application using Java 17.0.3 on JUANP-VALENCIA with PID 16580 (C:\Users\juan.valencia\Documents\GitHub\ADNAlquiler\microservicio\build\classes\java\main started by juan.valencia in C:\Users\juan.valencia\Documents\GitHub\ADNAlquiler)
2022-06-30 11:53:11,253 INFO org.springframework.boot.SpringApplication [restartedMain] No active profile set, falling back to 1 default profile: "default"
2022-06-30 11:53:11,367 INFO org.springframework.boot.logging.DeferredLog [restartedMain] Devtools property defaults active! Set 'spring.devtools.add-properties' to 'false' to disable
2022-06-30 11:53:11,368 INFO org.springframework.boot.logging.DeferredLog [restartedMain] For additional web related logging consider setting the 'logging.level.web' property to 'DEBUG'
2022-06-30 11:53:13,701 INFO com.ulisesbocchio.jasyptspringboot.configuration.EnableEncryptablePropertiesBeanFactoryPostProcessor [restartedMain] Post-processing PropertySource instances
2022-06-30 11:53:13,858 INFO com.ulisesbocchio.jasyptspringboot.EncryptablePropertySourceConverter [restartedMain] Converting PropertySource configurationProperties [org.springframework.boot.context.properties.source.ConfigurationPropertySourcesPropertySource] to AOP Proxy
2022-06-30 11:53:13,862 INFO com.ulisesbocchio.jasyptspringboot.EncryptablePropertySourceConverter [restartedMain] Converting PropertySource servletConfigInitParams [org.springframework.core.env.PropertySource$StubPropertySource] to EncryptablePropertySourceWrapper
2022-06-30 11:53:13,862 INFO com.ulisesbocchio.jasyptspringboot.EncryptablePropertySourceConverter [restartedMain] Converting PropertySource servletContextInitParams [org.springframework.core.env.PropertySource$StubPropertySource] to EncryptablePropertySourceWrapper
2022-06-30 11:53:13,863 INFO com.ulisesbocchio.jasyptspringboot.EncryptablePropertySourceConverter [restartedMain] Converting PropertySource systemProperties [org.springframework.core.env.PropertiesPropertySource] to EncryptableMapPropertySourceWrapper
2022-06-30 11:53:13,864 INFO com.ulisesbocchio.jasyptspringboot.EncryptablePropertySourceConverter [restartedMain] Converting PropertySource systemEnvironment [org.springframework.boot.env.SystemEnvironmentPropertySourceEnvironmentPostProcessor$OriginAwareSystemEnvironmentPropertySource] to EncryptableMapPropertySourceWrapper
2022-06-30 11:53:13,865 INFO com.ulisesbocchio.jasyptspringboot.EncryptablePropertySourceConverter [restartedMain] Converting PropertySource random [org.springframework.boot.env.RandomValuePropertySource] to EncryptablePropertySourceWrapper
2022-06-30 11:53:13,865 INFO com.ulisesbocchio.jasyptspringboot.EncryptablePropertySourceConverter [restartedMain] Converting PropertySource Config resource 'class path resource [application.yaml]' via location 'optional:classpath:/' [org.springframework.boot.env.OriginTrackedMapPropertySource] to EncryptableMapPropertySourceWrapper
2022-06-30 11:53:13,866 INFO com.ulisesbocchio.jasyptspringboot.EncryptablePropertySourceConverter [restartedMain] Converting PropertySource devtools [org.springframework.core.env.MapPropertySource] to EncryptableMapPropertySourceWrapper
2022-06-30 11:53:13,921 INFO com.ulisesbocchio.jasyptspringboot.filter.DefaultLazyPropertyFilter [restartedMain] Property Filter custom Bean not found with name 'encryptablePropertyFilter'. Initializing Default Property Filter
2022-06-30 11:53:14,209 INFO com.ulisesbocchio.jasyptspringboot.resolver.DefaultLazyPropertyResolver [restartedMain] Property Resolver custom Bean not found with name 'encryptablePropertyResolver'. Initializing Default Property Resolver
2022-06-30 11:53:14,216 INFO com.ulisesbocchio.jasyptspringboot.detector.DefaultLazyPropertyDetector [restartedMain] Property Detector custom Bean not found with name 'encryptablePropertyDetector'. Initializing Default Property Detector
2022-06-30 11:53:14,896 INFO org.springframework.boot.web.embedded.tomcat.TomcatWebServer [restartedMain] Tomcat initialized with port(s): 8080 (http)
2022-06-30 11:53:14,919 INFO org.apache.juli.logging.DirectJDKLog [restartedMain] Initializing ProtocolHandler ["http-nio-8080"]
2022-06-30 11:53:14,919 INFO org.apache.juli.logging.DirectJDKLog [restartedMain] Starting service [Tomcat]
2022-06-30 11:53:14,920 INFO org.apache.juli.logging.DirectJDKLog [restartedMain] Starting Servlet engine: [Apache Tomcat/9.0.62]
2022-06-30 11:53:15,143 INFO org.apache.juli.logging.DirectJDKLog [restartedMain] Initializing Spring embedded WebApplicationContext
2022-06-30 11:53:15,144 INFO org.springframework.boot.web.servlet.context.ServletWebServerApplicationContext [restartedMain] Root WebApplicationContext: initialization completed in 3775 ms
2022-06-30 11:53:15,534 INFO com.zaxxer.hikari.HikariDataSource [restartedMain] pool - Starting...
2022-06-30 11:53:16,004 INFO com.zaxxer.hikari.HikariDataSource [restartedMain] pool - Start completed.
2022-06-30 11:53:16,056 INFO org.flywaydb.core.internal.logging.slf4j.Slf4jLog [restartedMain] Flyway Community Edition 7.0.0 by Redgate
2022-06-30 11:53:16,170 INFO org.flywaydb.core.internal.logging.slf4j.Slf4jLog [restartedMain] Database: jdbc:postgresql://localhost:5432/Alquilervehiculos (PostgreSQL 14.3)
2022-06-30 11:53:16,185 WARN org.flywaydb.core.internal.logging.slf4j.Slf4jLog [restartedMain] Flyway upgrade recommended: org.flywaydb.core.internal.database.postgresql.PostgreSQLDatabaseType@3bdacadc 14.3 is newer than this version of Flyway and support has not been tested. The latest supported version of org.flywaydb.core.internal.database.postgresql.PostgreSQLDatabaseType@3bdacadc is 12.
2022-06-30 11:53:16,318 INFO org.flywaydb.core.internal.logging.slf4j.Slf4jLog [restartedMain] Successfully validated 1 migration (execution time 00:00.085s)
2022-06-30 11:53:16,341 INFO org.flywaydb.core.internal.logging.slf4j.Slf4jLog [restartedMain] Current version of schema "public": 1.0
2022-06-30 11:53:16,343 INFO org.flywaydb.core.internal.logging.slf4j.Slf4jLog [restartedMain] Schema "public" is up to date. No migration necessary.
2022-06-30 11:53:18,653 INFO org.springframework.boot.devtools.autoconfigure.OptionalLiveReloadServer [restartedMain] LiveReload server is running on port 35729
2022-06-30 11:53:18,662 INFO org.springframework.boot.actuate.endpoint.web.EndpointLinksResolver [restartedMain] Exposing 1 endpoint(s) beneath base path '/actuator'
2022-06-30 11:53:18,699 INFO org.apache.juli.logging.DirectJDKLog [restartedMain] Starting ProtocolHandler ["http-nio-8080"]
2022-06-30 11:53:18,739 INFO org.springframework.boot.web.embedded.tomcat.TomcatWebServer [restartedMain] Tomcat started on port(s): 8080 (http) with context path '/Alquiler'
2022-06-30 11:53:18,765 INFO org.springframework.boot.StartupInfoLogger [restartedMain] Started Application in 8.517 seconds (JVM running for 14.233)
2022-06-30 11:53:48,553 INFO org.apache.juli.logging.DirectJDKLog [http-nio-8080-exec-1] Initializing Spring DispatcherServlet 'dispatcherServlet'
2022-06-30 11:53:48,553 INFO org.springframework.web.servlet.FrameworkServlet [http-nio-8080-exec-1] Initializing Servlet 'dispatcherServlet'
2022-06-30 11:53:48,555 INFO org.springframework.web.servlet.FrameworkServlet [http-nio-8080-exec-1] Completed initialization in 1 ms
2022-06-30 14:51:09,603 INFO org.springframework.boot.StartupInfoLogger [restartedMain] Starting Application using Java 17.0.3 on JUANP-VALENCIA with PID 11564 (C:\Users\juan.valencia\Documents\GitHub\ADNAlquiler\microservicio\build\classes\java\main started by juan.valencia in C:\Users\juan.valencia\Documents\GitHub\ADNAlquiler)
2022-06-30 14:51:09,607 INFO org.springframework.boot.SpringApplication [restartedMain] No active profile set, falling back to 1 default profile: "default"
2022-06-30 14:51:09,709 INFO org.springframework.boot.logging.DeferredLog [restartedMain] Devtools property defaults active! Set 'spring.devtools.add-properties' to 'false' to disable
2022-06-30 14:51:09,709 INFO org.springframework.boot.logging.DeferredLog [restartedMain] For additional web related logging consider setting the 'logging.level.web' property to 'DEBUG'
2022-06-30 14:51:12,568 INFO com.ulisesbocchio.jasyptspringboot.configuration.EnableEncryptablePropertiesBeanFactoryPostProcessor [restartedMain] Post-processing PropertySource instances
2022-06-30 14:51:12,779 INFO com.ulisesbocchio.jasyptspringboot.EncryptablePropertySourceConverter [restartedMain] Converting PropertySource configurationProperties [org.springframework.boot.context.properties.source.ConfigurationPropertySourcesPropertySource] to AOP Proxy
2022-06-30 14:51:12,787 INFO com.ulisesbocchio.jasyptspringboot.EncryptablePropertySourceConverter [restartedMain] Converting PropertySource servletConfigInitParams [org.springframework.core.env.PropertySource$StubPropertySource] to EncryptablePropertySourceWrapper
2022-06-30 14:51:12,788 INFO com.ulisesbocchio.jasyptspringboot.EncryptablePropertySourceConverter [restartedMain] Converting PropertySource servletContextInitParams [org.springframework.core.env.PropertySource$StubPropertySource] to EncryptablePropertySourceWrapper
2022-06-30 14:51:12,802 INFO com.ulisesbocchio.jasyptspringboot.EncryptablePropertySourceConverter [restartedMain] Converting PropertySource systemProperties [org.springframework.core.env.PropertiesPropertySource] to EncryptableMapPropertySourceWrapper
2022-06-30 14:51:12,805 INFO com.ulisesbocchio.jasyptspringboot.EncryptablePropertySourceConverter [restartedMain] Converting PropertySource systemEnvironment [org.springframework.boot.env.SystemEnvironmentPropertySourceEnvironmentPostProcessor$OriginAwareSystemEnvironmentPropertySource] to EncryptableMapPropertySourceWrapper
2022-06-30 14:51:12,806 INFO com.ulisesbocchio.jasyptspringboot.EncryptablePropertySourceConverter [restartedMain] Converting PropertySource random [org.springframework.boot.env.RandomValuePropertySource] to EncryptablePropertySourceWrapper
2022-06-30 14:51:12,808 INFO com.ulisesbocchio.jasyptspringboot.EncryptablePropertySourceConverter [restartedMain] Converting PropertySource Config resource 'class path resource [application.yaml]' via location 'optional:classpath:/' [org.springframework.boot.env.OriginTrackedMapPropertySource] to EncryptableMapPropertySourceWrapper
2022-06-30 14:51:12,809 INFO com.ulisesbocchio.jasyptspringboot.EncryptablePropertySourceConverter [restartedMain] Converting PropertySource devtools [org.springframework.core.env.MapPropertySource] to EncryptableMapPropertySourceWrapper
2022-06-30 14:51:12,910 INFO com.ulisesbocchio.jasyptspringboot.filter.DefaultLazyPropertyFilter [restartedMain] Property Filter custom Bean not found with name 'encryptablePropertyFilter'. Initializing Default Property Filter
2022-06-30 14:51:13,391 INFO com.ulisesbocchio.jasyptspringboot.resolver.DefaultLazyPropertyResolver [restartedMain] Property Resolver custom Bean not found with name 'encryptablePropertyResolver'. Initializing Default Property Resolver
2022-06-30 14:51:13,400 INFO com.ulisesbocchio.jasyptspringboot.detector.DefaultLazyPropertyDetector [restartedMain] Property Detector custom Bean not found with name 'encryptablePropertyDetector'. Initializing Default Property Detector
2022-06-30 14:51:14,233 INFO org.springframework.boot.web.embedded.tomcat.TomcatWebServer [restartedMain] Tomcat initialized with port(s): 8080 (http)
2022-06-30 14:51:14,262 INFO org.apache.juli.logging.DirectJDKLog [restartedMain] Initializing ProtocolHandler ["http-nio-8080"]
2022-06-30 14:51:14,266 INFO org.apache.juli.logging.DirectJDKLog [restartedMain] Starting service [Tomcat]
2022-06-30 14:51:14,267 INFO org.apache.juli.logging.DirectJDKLog [restartedMain] Starting Servlet engine: [Apache Tomcat/9.0.62]
2022-06-30 14:51:14,516 INFO org.apache.juli.logging.DirectJDKLog [restartedMain] Initializing Spring embedded WebApplicationContext
2022-06-30 14:51:14,517 INFO org.springframework.boot.web.servlet.context.ServletWebServerApplicationContext [restartedMain] Root WebApplicationContext: initialization completed in 4807 ms
2022-06-30 14:51:15,020 INFO com.zaxxer.hikari.HikariDataSource [restartedMain] pool - Starting...
2022-06-30 14:51:15,461 INFO com.zaxxer.hikari.HikariDataSource [restartedMain] pool - Start completed.
2022-06-30 14:51:15,523 INFO org.flywaydb.core.internal.logging.slf4j.Slf4jLog [restartedMain] Flyway Community Edition 7.0.0 by Redgate
2022-06-30 14:51:15,623 INFO org.flywaydb.core.internal.logging.slf4j.Slf4jLog [restartedMain] Database: jdbc:postgresql://localhost:5432/Alquilervehiculos (PostgreSQL 14.3)
2022-06-30 14:51:15,640 WARN org.flywaydb.core.internal.logging.slf4j.Slf4jLog [restartedMain] Flyway upgrade recommended: org.flywaydb.core.internal.database.postgresql.PostgreSQLDatabaseType@91d2a6c 14.3 is newer than this version of Flyway and support has not been tested. The latest supported version of org.flywaydb.core.internal.database.postgresql.PostgreSQLDatabaseType@91d2a6c is 12.
2022-06-30 14:51:15,741 INFO org.flywaydb.core.internal.logging.slf4j.Slf4jLog [restartedMain] Successfully validated 1 migration (execution time 00:00.068s)
2022-06-30 14:51:15,764 INFO org.flywaydb.core.internal.logging.slf4j.Slf4jLog [restartedMain] Current version of schema "public": 1.0
2022-06-30 14:51:15,766 INFO org.flywaydb.core.internal.logging.slf4j.Slf4jLog [restartedMain] Schema "public" is up to date. No migration necessary.
2022-06-30 14:51:19,751 INFO org.springframework.boot.devtools.autoconfigure.OptionalLiveReloadServer [restartedMain] LiveReload server is running on port 35729
2022-06-30 14:51:19,785 INFO org.springframework.boot.actuate.endpoint.web.EndpointLinksResolver [restartedMain] Exposing 1 endpoint(s) beneath base path '/actuator'
2022-06-30 14:51:19,865 INFO org.apache.juli.logging.DirectJDKLog [restartedMain] Starting ProtocolHandler ["http-nio-8080"]
2022-06-30 14:51:19,929 INFO org.springframework.boot.web.embedded.tomcat.TomcatWebServer [restartedMain] Tomcat started on port(s): 8080 (http) with context path '/Alquiler'
2022-06-30 14:51:19,987 INFO org.springframework.boot.StartupInfoLogger [restartedMain] Started Application in 11.519 seconds (JVM running for 12.954)
2022-06-30 15:15:18,527 INFO org.springframework.boot.StartupInfoLogger [restartedMain] Starting Application using Java 17.0.3 on JUANP-VALENCIA with PID 2300 (C:\Users\juan.valencia\Documents\GitHub\ADNAlquiler\microservicio\build\classes\java\main started by juan.valencia in C:\Users\juan.valencia\Documents\GitHub\ADNAlquiler)
2022-06-30 15:15:18,530 INFO org.springframework.boot.SpringApplication [restartedMain] No active profile set, falling back to 1 default profile: "default"
2022-06-30 15:15:18,605 INFO org.springframework.boot.logging.DeferredLog [restartedMain] Devtools property defaults active! Set 'spring.devtools.add-properties' to 'false' to disable
2022-06-30 15:15:18,605 INFO org.springframework.boot.logging.DeferredLog [restartedMain] For additional web related logging consider setting the 'logging.level.web' property to 'DEBUG'
2022-06-30 15:15:20,337 INFO com.ulisesbocchio.jasyptspringboot.configuration.EnableEncryptablePropertiesBeanFactoryPostProcessor [restartedMain] Post-processing PropertySource instances
2022-06-30 15:15:20,461 INFO com.ulisesbocchio.jasyptspringboot.EncryptablePropertySourceConverter [restartedMain] Converting PropertySource configurationProperties [org.springframework.boot.context.properties.source.ConfigurationPropertySourcesPropertySource] to AOP Proxy
2022-06-30 15:15:20,464 INFO com.ulisesbocchio.jasyptspringboot.EncryptablePropertySourceConverter [restartedMain] Converting PropertySource servletConfigInitParams [org.springframework.core.env.PropertySource$StubPropertySource] to EncryptablePropertySourceWrapper
2022-06-30 15:15:20,465 INFO com.ulisesbocchio.jasyptspringboot.EncryptablePropertySourceConverter [restartedMain] Converting PropertySource servletContextInitParams [org.springframework.core.env.PropertySource$StubPropertySource] to EncryptablePropertySourceWrapper
2022-06-30 15:15:20,466 INFO com.ulisesbocchio.jasyptspringboot.EncryptablePropertySourceConverter [restartedMain] Converting PropertySource systemProperties [org.springframework.core.env.PropertiesPropertySource] to EncryptableMapPropertySourceWrapper
2022-06-30 15:15:20,466 INFO com.ulisesbocchio.jasyptspringboot.EncryptablePropertySourceConverter [restartedMain] Converting PropertySource systemEnvironment [org.springframework.boot.env.SystemEnvironmentPropertySourceEnvironmentPostProcessor$OriginAwareSystemEnvironmentPropertySource] to EncryptableMapPropertySourceWrapper
2022-06-30 15:15:20,467 INFO com.ulisesbocchio.jasyptspringboot.EncryptablePropertySourceConverter [restartedMain] Converting PropertySource random [org.springframework.boot.env.RandomValuePropertySource] to EncryptablePropertySourceWrapper
2022-06-30 15:15:20,467 INFO com.ulisesbocchio.jasyptspringboot.EncryptablePropertySourceConverter [restartedMain] Converting PropertySource Config resource 'class path resource [application.yaml]' via location 'optional:classpath:/' [org.springframework.boot.env.OriginTrackedMapPropertySource] to EncryptableMapPropertySourceWrapper
2022-06-30 15:15:20,467 INFO com.ulisesbocchio.jasyptspringboot.EncryptablePropertySourceConverter [restartedMain] Converting PropertySource devtools [org.springframework.core.env.MapPropertySource] to EncryptableMapPropertySourceWrapper
2022-06-30 15:15:20,510 INFO com.ulisesbocchio.jasyptspringboot.filter.DefaultLazyPropertyFilter [restartedMain] Property Filter custom Bean not found with name 'encryptablePropertyFilter'. Initializing Default Property Filter
2022-06-30 15:15:20,705 INFO com.ulisesbocchio.jasyptspringboot.resolver.DefaultLazyPropertyResolver [restartedMain] Property Resolver custom Bean not found with name 'encryptablePropertyResolver'. Initializing Default Property Resolver
2022-06-30 15:15:20,708 INFO com.ulisesbocchio.jasyptspringboot.detector.DefaultLazyPropertyDetector [restartedMain] Property Detector custom Bean not found with name 'encryptablePropertyDetector'. Initializing Default Property Detector
2022-06-30 15:15:21,258 INFO org.springframework.boot.web.embedded.tomcat.TomcatWebServer [restartedMain] Tomcat initialized with port(s): 8080 (http)
2022-06-30 15:15:21,275 INFO org.apache.juli.logging.DirectJDKLog [restartedMain] Initializing ProtocolHandler ["http-nio-8080"]
2022-06-30 15:15:21,275 INFO org.apache.juli.logging.DirectJDKLog [restartedMain] Starting service [Tomcat]
2022-06-30 15:15:21,276 INFO org.apache.juli.logging.DirectJDKLog [restartedMain] Starting Servlet engine: [Apache Tomcat/9.0.62]
2022-06-30 15:15:21,454 INFO org.apache.juli.logging.DirectJDKLog [restartedMain] Initializing Spring embedded WebApplicationContext
2022-06-30 15:15:21,455 INFO org.springframework.boot.web.servlet.context.ServletWebServerApplicationContext [restartedMain] Root WebApplicationContext: initialization completed in 2849 ms
2022-06-30 15:15:21,815 INFO com.zaxxer.hikari.HikariDataSource [restartedMain] pool - Starting...
2022-06-30 15:15:22,182 INFO com.zaxxer.hikari.HikariDataSource [restartedMain] pool - Start completed.
2022-06-30 15:15:22,235 INFO org.flywaydb.core.internal.logging.slf4j.Slf4jLog [restartedMain] Flyway Community Edition 7.0.0 by Redgate
2022-06-30 15:15:22,294 INFO org.flywaydb.core.internal.logging.slf4j.Slf4jLog [restartedMain] Database: jdbc:postgresql://localhost:5432/Alquilervehiculos (PostgreSQL 14.3)
2022-06-30 15:15:22,307 WARN org.flywaydb.core.internal.logging.slf4j.Slf4jLog [restartedMain] Flyway upgrade recommended: org.flywaydb.core.internal.database.postgresql.PostgreSQLDatabaseType@1a4e681d 14.3 is newer than this version of Flyway and support has not been tested. The latest supported version of org.flywaydb.core.internal.database.postgresql.PostgreSQLDatabaseType@1a4e681d is 12.
2022-06-30 15:15:22,370 INFO org.flywaydb.core.internal.logging.slf4j.Slf4jLog [restartedMain] Successfully validated 1 migration (execution time 00:00.042s)
2022-06-30 15:15:22,385 INFO org.flywaydb.core.internal.logging.slf4j.Slf4jLog [restartedMain] Current version of schema "public": 1.0
2022-06-30 15:15:22,386 INFO org.flywaydb.core.internal.logging.slf4j.Slf4jLog [restartedMain] Schema "public" is up to date. No migration necessary.
2022-06-30 15:15:24,312 INFO org.springframework.boot.devtools.autoconfigure.OptionalLiveReloadServer [restartedMain] LiveReload server is running on port 35729
2022-06-30 15:15:24,323 INFO org.springframework.boot.actuate.endpoint.web.EndpointLinksResolver [restartedMain] Exposing 1 endpoint(s) beneath base path '/actuator'
2022-06-30 15:15:24,366 INFO org.apache.juli.logging.DirectJDKLog [restartedMain] Starting ProtocolHandler ["http-nio-8080"]
2022-06-30 15:15:24,400 INFO org.springframework.boot.web.embedded.tomcat.TomcatWebServer [restartedMain] Tomcat started on port(s): 8080 (http) with context path '/Alquiler'
2022-06-30 15:15:24,423 INFO org.springframework.boot.StartupInfoLogger [restartedMain] Started Application in 6.67 seconds (JVM running for 7.477)
2022-06-30 15:17:27,764 INFO org.springframework.boot.StartupInfoLogger [restartedMain] Starting Application using Java 17.0.3 on JUANP-VALENCIA with PID 15028 (C:\Users\juan.valencia\Documents\GitHub\ADNAlquiler\microservicio\build\classes\java\main started by juan.valencia in C:\Users\juan.valencia\Documents\GitHub\ADNAlquiler)
2022-06-30 15:17:27,767 INFO org.springframework.boot.SpringApplication [restartedMain] No active profile set, falling back to 1 default profile: "default"
2022-06-30 15:17:27,854 INFO org.springframework.boot.logging.DeferredLog [restartedMain] Devtools property defaults active! Set 'spring.devtools.add-properties' to 'false' to disable
2022-06-30 15:17:27,855 INFO org.springframework.boot.logging.DeferredLog [restartedMain] For additional web related logging consider setting the 'logging.level.web' property to 'DEBUG'
2022-06-30 15:17:29,605 INFO com.ulisesbocchio.jasyptspringboot.configuration.EnableEncryptablePropertiesBeanFactoryPostProcessor [restartedMain] Post-processing PropertySource instances
2022-06-30 15:17:29,732 INFO com.ulisesbocchio.jasyptspringboot.EncryptablePropertySourceConverter [restartedMain] Converting PropertySource configurationProperties [org.springframework.boot.context.properties.source.ConfigurationPropertySourcesPropertySource] to AOP Proxy
2022-06-30 15:17:29,734 INFO com.ulisesbocchio.jasyptspringboot.EncryptablePropertySourceConverter [restartedMain] Converting PropertySource servletConfigInitParams [org.springframework.core.env.PropertySource$StubPropertySource] to EncryptablePropertySourceWrapper
2022-06-30 15:17:29,734 INFO com.ulisesbocchio.jasyptspringboot.EncryptablePropertySourceConverter [restartedMain] Converting PropertySource servletContextInitParams [org.springframework.core.env.PropertySource$StubPropertySource] to EncryptablePropertySourceWrapper
2022-06-30 15:17:29,735 INFO com.ulisesbocchio.jasyptspringboot.EncryptablePropertySourceConverter [restartedMain] Converting PropertySource systemProperties [org.springframework.core.env.PropertiesPropertySource] to EncryptableMapPropertySourceWrapper
2022-06-30 15:17:29,735 INFO com.ulisesbocchio.jasyptspringboot.EncryptablePropertySourceConverter [restartedMain] Converting PropertySource systemEnvironment [org.springframework.boot.env.SystemEnvironmentPropertySourceEnvironmentPostProcessor$OriginAwareSystemEnvironmentPropertySource] to EncryptableMapPropertySourceWrapper
2022-06-30 15:17:29,736 INFO com.ulisesbocchio.jasyptspringboot.EncryptablePropertySourceConverter [restartedMain] Converting PropertySource random [org.springframework.boot.env.RandomValuePropertySource] to EncryptablePropertySourceWrapper
2022-06-30 15:17:29,736 INFO com.ulisesbocchio.jasyptspringboot.EncryptablePropertySourceConverter [restartedMain] Converting PropertySource Config resource 'class path resource [application.yaml]' via location 'optional:classpath:/' [org.springframework.boot.env.OriginTrackedMapPropertySource] to EncryptableMapPropertySourceWrapper
2022-06-30 15:17:29,736 INFO com.ulisesbocchio.jasyptspringboot.EncryptablePropertySourceConverter [restartedMain] Converting PropertySource devtools [org.springframework.core.env.MapPropertySource] to EncryptableMapPropertySourceWrapper
2022-06-30 15:17:29,774 INFO com.ulisesbocchio.jasyptspringboot.filter.DefaultLazyPropertyFilter [restartedMain] Property Filter custom Bean not found with name 'encryptablePropertyFilter'. Initializing Default Property Filter
2022-06-30 15:17:29,972 INFO com.ulisesbocchio.jasyptspringboot.resolver.DefaultLazyPropertyResolver [restartedMain] Property Resolver custom Bean not found with name 'encryptablePropertyResolver'. Initializing Default Property Resolver
2022-06-30 15:17:29,974 INFO com.ulisesbocchio.jasyptspringboot.detector.DefaultLazyPropertyDetector [restartedMain] Property Detector custom Bean not found with name 'encryptablePropertyDetector'. Initializing Default Property Detector
2022-06-30 15:17:30,484 INFO org.springframework.boot.web.embedded.tomcat.TomcatWebServer [restartedMain] Tomcat initialized with port(s): 8080 (http)
2022-06-30 15:17:30,501 INFO org.apache.juli.logging.DirectJDKLog [restartedMain] Initializing ProtocolHandler ["http-nio-8080"]
2022-06-30 15:17:30,502 INFO org.apache.juli.logging.DirectJDKLog [restartedMain] Starting service [Tomcat]
2022-06-30 15:17:30,502 INFO org.apache.juli.logging.DirectJDKLog [restartedMain] Starting Servlet engine: [Apache Tomcat/9.0.62]
2022-06-30 15:17:30,671 INFO org.apache.juli.logging.DirectJDKLog [restartedMain] Initializing Spring embedded WebApplicationContext
2022-06-30 15:17:30,672 INFO org.springframework.boot.web.servlet.context.ServletWebServerApplicationContext [restartedMain] Root WebApplicationContext: initialization completed in 2815 ms
2022-06-30 15:17:30,993 INFO com.zaxxer.hikari.HikariDataSource [restartedMain] pool - Starting...
2022-06-30 15:17:31,335 INFO com.zaxxer.hikari.HikariDataSource [restartedMain] pool - Start completed.
2022-06-30 15:17:31,380 INFO org.flywaydb.core.internal.logging.slf4j.Slf4jLog [restartedMain] Flyway Community Edition 7.0.0 by Redgate
2022-06-30 15:17:31,455 INFO org.flywaydb.core.internal.logging.slf4j.Slf4jLog [restartedMain] Database: jdbc:postgresql://localhost:5432/Alquilervehiculos (PostgreSQL 14.3)
2022-06-30 15:17:31,467 WARN org.flywaydb.core.internal.logging.slf4j.Slf4jLog [restartedMain] Flyway upgrade recommended: org.flywaydb.core.internal.database.postgresql.PostgreSQLDatabaseType@7e1cefc1 14.3 is newer than this version of Flyway and support has not been tested. The latest supported version of org.flywaydb.core.internal.database.postgresql.PostgreSQLDatabaseType@7e1cefc1 is 12.
2022-06-30 15:17:31,529 INFO org.flywaydb.core.internal.logging.slf4j.Slf4jLog [restartedMain] Successfully validated 1 migration (execution time 00:00.043s)
2022-06-30 15:17:31,544 INFO org.flywaydb.core.internal.logging.slf4j.Slf4jLog [restartedMain] Current version of schema "public": 1.0
2022-06-30 15:17:31,546 INFO org.flywaydb.core.internal.logging.slf4j.Slf4jLog [restartedMain] Schema "public" is up to date. No migration necessary.
2022-06-30 15:17:33,523 INFO org.springframework.boot.devtools.autoconfigure.OptionalLiveReloadServer [restartedMain] LiveReload server is running on port 35729
2022-06-30 15:17:33,531 INFO org.springframework.boot.actuate.endpoint.web.EndpointLinksResolver [restartedMain] Exposing 1 endpoint(s) beneath base path '/actuator'
2022-06-30 15:17:33,563 INFO org.apache.juli.logging.DirectJDKLog [restartedMain] Starting ProtocolHandler ["http-nio-8080"]
2022-06-30 15:17:33,600 INFO org.springframework.boot.web.embedded.tomcat.TomcatWebServer [restartedMain] Tomcat started on port(s): 8080 (http) with context path '/api'
2022-06-30 15:17:33,620 INFO org.springframework.boot.StartupInfoLogger [restartedMain] Started Application in 6.86 seconds (JVM running for 7.663)
2022-06-30 15:17:51,514 INFO org.apache.juli.logging.DirectJDKLog [http-nio-8080-exec-1] Initializing Spring DispatcherServlet 'dispatcherServlet'
2022-06-30 15:17:51,515 INFO org.springframework.web.servlet.FrameworkServlet [http-nio-8080-exec-1] Initializing Servlet 'dispatcherServlet'
2022-06-30 15:17:51,516 INFO org.springframework.web.servlet.FrameworkServlet [http-nio-8080-exec-1] Completed initialization in 1 ms
